Started on Dec 11, 2018 12:53:07 PM
Started by event from 192.30.252.40 ⇒ http://ci-jiskefet.westeurope.cloudapp.azure.com:8080/github-webhook/ on Tue Dec 11 12:53:07 UTC 2018
Polling SCM changes on master
Using strategy: Default
[poll] Last Built Revision: Revision 3e4b470a0402a57ae823e4867b263378b2c9d880 (origin/feature/81-jenkins)
 > git rev-parse --is-inside-work-tree # timeout=10
Fetching changes from the remote Git repositories
 > git config remote.origin.url https://github.com/SoftwareForScience/jiskefet-api.git # timeout=10
Fetching upstream changes from https://github.com/SoftwareForScience/jiskefet-api.git
 > git --version # timeout=10
 > git fetch --tags --progress https://github.com/SoftwareForScience/jiskefet-api.git +refs/heads/*:refs/remotes/origin/*
Polling for changes in
Seen branch in repository origin/develop
Seen branch in repository origin/feature/39-developer-section
Seen branch in repository origin/feature/52-query-only
Seen branch in repository origin/feature/6-http-responses
Seen branch in repository origin/feature/81-jenkins
Seen branch in repository origin/feature/84-heikos-findings
Seen branch in repository origin/feature/CERN-SSO
Seen branch in repository origin/feature/infologger
Seen branch in repository origin/hotfix/cors-c
Seen branch in repository origin/master
Seen branch in repository origin/refactor/21-mocha-to-jest
Seen 11 remote branches
 > git show-ref --tags -d # timeout=10
 > git log --full-history --no-abbrev --format=raw -M -m 3e4b470a0402a57ae823e4867b263378b2c9d880..dc03aa4aff84f97c790df6571cf377421606279c # timeout=10
Done. Took 1 sec
Changes found
