Started on Dec 11, 2018 1:16:43 AM
Started by event from 192.30.252.45 ⇒ http://ci-jiskefet.westeurope.cloudapp.azure.com:8080/github-webhook/ on Tue Dec 11 01:16:43 UTC 2018
Polling SCM changes on master
Using strategy: Default
[poll] Last Built Revision: Revision f975c9481fcf2882dd1da956bb08567504f4f77e (origin/feature/CERN-SSO)
 > git rev-parse --is-inside-work-tree # timeout=10
Fetching changes from the remote Git repositories
 > git config remote.origin.url https://github.com/SoftwareForScience/jiskefet-api.git # timeout=10
Fetching upstream changes from https://github.com/SoftwareForScience/jiskefet-api.git
 > git --version # timeout=10
 > git fetch --tags --progress https://github.com/SoftwareForScience/jiskefet-api.git +refs/heads/*:refs/remotes/origin/*
Polling for changes in
Seen branch in repository origin/develop
Seen branch in repository origin/feature/39-developer-section
Seen branch in repository origin/feature/52-query-only
Seen branch in repository origin/feature/6-http-responses
Seen branch in repository origin/feature/81-jenkins
Seen branch in repository origin/feature/CERN-SSO
Seen branch in repository origin/feature/infologger
Seen branch in repository origin/hotfix/cors-c
Seen branch in repository origin/master
Seen branch in repository origin/refactor/21-mocha-to-jest
Seen 10 remote branches
 > git show-ref --tags -d # timeout=10
 > git log --full-history --no-abbrev --format=raw -M -m f975c9481fcf2882dd1da956bb08567504f4f77e..7a89e6ca5a9598bba207980b83db56b391186d92 # timeout=10
Done. Took 1 sec
Changes found
