Started on Dec 11, 2018 1:47:52 AM
Started by event from 192.30.252.45 ⇒ http://ci-jiskefet.westeurope.cloudapp.azure.com:8080/github-webhook/ on Tue Dec 11 01:47:52 UTC 2018
Polling SCM changes on master
Using strategy: Default
[poll] Last Built Revision: Revision 80028980e6d00126a7433e623bfc5c165a09201b (origin/feature/81-jenkins)
 > git rev-parse --is-inside-work-tree # timeout=10
Fetching changes from the remote Git repositories
 > git config remote.origin.url https://github.com/SoftwareForScience/jiskefet-api.git # timeout=10
Fetching upstream changes from https://github.com/SoftwareForScience/jiskefet-api.git
 > git --version # timeout=10
 > git fetch --tags --progress https://github.com/SoftwareForScience/jiskefet-api.git +refs/heads/*:refs/remotes/origin/*
Polling for changes in
Seen branch in repository origin/develop
Seen branch in repository origin/feature/39-developer-section
Seen branch in repository origin/feature/52-query-only
Seen branch in repository origin/feature/6-http-responses
Seen branch in repository origin/feature/81-jenkins
Seen branch in repository origin/feature/CERN-SSO
Seen branch in repository origin/feature/infologger
Seen branch in repository origin/hotfix/cors-c
Seen branch in repository origin/master
Seen branch in repository origin/refactor/21-mocha-to-jest
Seen 10 remote branches
 > git show-ref --tags -d # timeout=10
 > git log --full-history --no-abbrev --format=raw -M -m 80028980e6d00126a7433e623bfc5c165a09201b..3e4b470a0402a57ae823e4867b263378b2c9d880 # timeout=10
Done. Took 0.89 sec
Changes found
